<?xml version="1.0" encoding="UTF-8" ?>
<testsuite tests="4" failures="4" name="logica.GestionAlumnosTest" time="0.002" errors="0" skipped="0">
  <properties>
    <property name="java.runtime.name" value="Java(TM) SE Runtime Environment"/>
    <property name="java.vm.version" value="19.0.2+7-44"/>
    <property name="sun.boot.library.path" value="C:\Program Files\Java\jdk-19\bin"/>
    <property name="maven.multiModuleProjectDirectory" value="C:\Users\gpema\OneDrive\Documentos\NetBeansProjects\POO_Ejercicio17_Alumnos_CSV"/>
    <property name="java.vm.vendor" value="Oracle Corporation"/>
    <property name="java.vendor.url" value="https://java.oracle.com/"/>
    <property name="guice.disable.misplaced.annotation.check" value="true"/>
    <property name="path.separator" value=";"/>
    <property name="java.vm.name" value="Java HotSpot(TM) 64-Bit Server VM"/>
    <property name="sun.os.patch.level" value=""/>
    <property name="user.script" value=""/>
    <property name="user.country" value="ES"/>
    <property name="sun.java.launcher" value="SUN_STANDARD"/>
    <property name="java.vm.specification.name" value="Java Virtual Machine Specification"/>
    <property name="user.dir" value="C:\Users\gpema\OneDrive\Documentos\NetBeansProjects\POO_Ejercicio17_Alumnos_CSV"/>
    <property name="java.vm.compressedOopsMode" value="32-bit"/>
    <property name="java.runtime.version" value="19.0.2+7-44"/>
    <property name="os.arch" value="amd64"/>
    <property name="java.io.tmpdir" value="C:\Users\gpema\AppData\Local\Temp\"/>
    <property name="line.separator" value="
"/>
    <property name="java.vm.specification.vendor" value="Oracle Corporation"/>
    <property name="user.variant" value=""/>
    <property name="stderr.encoding" value="Cp1252"/>
    <property name="os.name" value="Windows 11"/>
    <property name="maven.ext.class.path" value="C:\Program Files\NetBeans-17\netbeans\java\maven-nblib\netbeans-eventspy.jar;C:\Program Files\NetBeans-17\netbeans\java\maven-nblib\netbeans-eventspy.jar"/>
    <property name="classworlds.conf" value="C:\Program Files\NetBeans-17\netbeans\java\maven\bin\m2.conf"/>
    <property name="sun.jnu.encoding" value="Cp1252"/>
    <property name="stdout.encoding" value="Cp1252"/>
    <property name="java.library.path" value="C:\Program Files\Java\jdk-19\bin;C:\Windows\Sun\Java\bin;C:\Windows\system32;C:\Windows;C:\Program Files\Microsoft MPI\Bin\;C:\Program Files\Common Files\Oracle\Java\javapath;C:\Windows\system32;C:\Windows;C:\Windows\System32\Wbem;C:\Windows\System32\WindowsPowerShell\v1.0\;C:\Windows\System32\OpenSSH\;C:\Program Files\Git\cmd;C:\Program Files (x86)\dotnet\;C:\Program Files (x86)\Microsoft SQL Server\160\Tools\Binn\;C:\Program Files\Microsoft SQL Server\160\Tools\Binn\;C:\Program Files\Microsoft SQL Server\Client SDK\ODBC\170\Tools\Binn\;C:\Program Files\Microsoft SQL Server\160\DTS\Binn\;C:\Program Files (x86)\Microsoft SQL Server\160\DTS\Binn\;C:\Program Files\Azure Data Studio\bin;C:\Users\gpema\AppData\Local\Microsoft\WindowsApps;C:\Users\gpema\OneDrive\Escritorio\Cursos\Springt5\jdk-11.0.2\bin;;C:\Program Files\Azure Data Studio\bin;."/>
    <property name="maven.conf" value="C:\Program Files\NetBeans-17\netbeans\java\maven/conf"/>
    <property name="jdk.debug" value="release"/>
    <property name="java.class.version" value="63.0"/>
    <property name="java.specification.name" value="Java Platform API Specification"/>
    <property name="sun.management.compiler" value="HotSpot 64-Bit Tiered Compilers"/>
    <property name="os.version" value="10.0"/>
    <property name="library.jansi.path" value="C:\Program Files\NetBeans-17\netbeans\java\maven\lib\jansi-native"/>
    <property name="user.home" value="C:\Users\gpema"/>
    <property name="user.timezone" value="America/Mexico_City"/>
    <property name="file.encoding" value="UTF-8"/>
    <property name="java.specification.version" value="19"/>
    <property name="user.name" value="gpema"/>
    <property name="java.class.path" value="C:\Program Files\NetBeans-17\netbeans\java\maven\boot\plexus-classworlds-2.6.0.jar"/>
    <property name="java.vm.specification.version" value="19"/>
    <property name="sun.arch.data.model" value="64"/>
    <property name="sun.java.command" value="org.codehaus.plexus.classworlds.launcher.Launcher -Dmaven.ext.class.path=C:\Program Files\NetBeans-17\netbeans\java\maven-nblib\netbeans-eventspy.jar;C:\Program Files\NetBeans-17\netbeans\java\maven-nblib\netbeans-eventspy.jar --no-transfer-progress test"/>
    <property name="java.home" value="C:\Program Files\Java\jdk-19"/>
    <property name="user.language" value="es"/>
    <property name="java.specification.vendor" value="Oracle Corporation"/>
    <property name="java.vm.info" value="mixed mode, sharing"/>
    <property name="java.version" value="19.0.2"/>
    <property name="native.encoding" value="Cp1252"/>
    <property name="java.vendor" value="Oracle Corporation"/>
    <property name="maven.home" value="C:\Program Files\NetBeans-17\netbeans\java\maven"/>
    <property name="file.separator" value="\"/>
    <property name="java.version.date" value="2023-01-17"/>
    <property name="java.vendor.url.bug" value="https://bugreport.java.com/bugreport/"/>
    <property name="sun.io.unicode.encoding" value="UnicodeLittle"/>
    <property name="sun.cpu.endian" value="little"/>
    <property name="sun.cpu.isalist" value="amd64"/>
  </properties>
  <testcase classname="logica.GestionAlumnosTest" name="logica.GestionAlumnosTest.testAlumnoNotaMasAlta" time="0.002">
    <failure message="Cannot invoke &quot;logica.GestionAlumnos.alumnoNotaMasAlta()&quot; because &quot;logica.GestionAlumnosTest.gestionAlumnos&quot; is null" type="java.lang.NullPointerException">java.lang.NullPointerException: Cannot invoke &quot;logica.GestionAlumnos.alumnoNotaMasAlta()&quot; because &quot;logica.GestionAlumnosTest.gestionAlumnos&quot; is null
	at logica.GestionAlumnosTest.testAlumnoNotaMasAlta(GestionAlumnosTest.java:40)
</failure>
  </testcase>
  <testcase classname="logica.GestionAlumnosTest" name="logica.GestionAlumnosTest.testNotaMedia" time="0">
    <failure message="Cannot invoke &quot;logica.GestionAlumnos.notaMedia(String)&quot; because &quot;logica.GestionAlumnosTest.gestionAlumnos&quot; is null" type="java.lang.NullPointerException">java.lang.NullPointerException: Cannot invoke &quot;logica.GestionAlumnos.notaMedia(String)&quot; because &quot;logica.GestionAlumnosTest.gestionAlumnos&quot; is null
	at logica.GestionAlumnosTest.testNotaMedia(GestionAlumnosTest.java:27)
</failure>
  </testcase>
  <testcase classname="logica.GestionAlumnosTest" name="logica.GestionAlumnosTest.testNombreCursos" time="0">
    <failure message="Cannot invoke &quot;logica.GestionAlumnos.nombreCursos()&quot; because &quot;logica.GestionAlumnosTest.gestionAlumnos&quot; is null" type="java.lang.NullPointerException">java.lang.NullPointerException: Cannot invoke &quot;logica.GestionAlumnos.nombreCursos()&quot; because &quot;logica.GestionAlumnosTest.gestionAlumnos&quot; is null
	at logica.GestionAlumnosTest.testNombreCursos(GestionAlumnosTest.java:45)
</failure>
  </testcase>
  <testcase classname="logica.GestionAlumnosTest" name="logica.GestionAlumnosTest.testAlumnosCurso" time="0">
    <failure message="Cannot invoke &quot;logica.GestionAlumnos.alumnosCurso(String)&quot; because &quot;logica.GestionAlumnosTest.gestionAlumnos&quot; is null" type="java.lang.NullPointerException">java.lang.NullPointerException: Cannot invoke &quot;logica.GestionAlumnos.alumnosCurso(String)&quot; because &quot;logica.GestionAlumnosTest.gestionAlumnos&quot; is null
	at logica.GestionAlumnosTest.testAlumnosCurso(GestionAlumnosTest.java:33)
</failure>
  </testcase>
</testsuite>